<?xml version="1.0" encoding="UTF-8"?>
<!-- Generated by org.testng.reporters.JUnitReportReporter -->
<testsuite hostname="XFT000132772005" failures="0" tests="2" name="mavenProject.E2EProject.HomePage" time="14.096" errors="0" timestamp="2021-04-25T16:17:44 IST" skipped="0">
  <testcase classname="mavenProject.E2EProject.HomePage" name="homePageNavigation" time="8.543"/>
  <system-out/>
  <testcase classname="mavenProject.E2EProject.HomePage" name="homePageNavigation" time="5.553"/>
  <system-out/>
</testsuite> <!-- mavenProject.E2EProject.HomePage -->
