<?xml version="1.0" encoding="UTF-8"?>
<!-- Generated by org.testng.reporters.JUnitReportReporter -->
<testsuite skipped="0" hostname="XFT000132772005" name="mavenProject.E2EProject.HomePage" tests="2" failures="0" timestamp="2021-04-24T20:05:03 IST" time="13.553" errors="0">
  <testcase name="homePageNavigation" time="9.012" classname="mavenProject.E2EProject.HomePage"/>
  <system-out/>
  <testcase name="homePageNavigation" time="4.541" classname="mavenProject.E2EProject.HomePage"/>
  <system-out/>
</testsuite> <!-- mavenProject.E2EProject.HomePage -->
