<?xml version="1.0" encoding="UTF-8"?>
<!-- Generated by org.testng.reporters.JUnitReportReporter -->
<testsuite skipped="0" hostname="XFT000132772005" name="mavenProject.E2EProject.HomePageTitle" tests="1" failures="0" timestamp="2021-04-24T20:05:03 IST" time="6.883" errors="0">
  <testcase name="validateTitle" time="6.883" classname="mavenProject.E2EProject.HomePageTitle"/>
  <system-out/>
</testsuite> <!-- mavenProject.E2EProject.HomePageTitle -->
